  [1m[36m (0.1ms)[0m  [1mselect sqlite_version(*)[0m
  [1m[35m (48.6ms)[0m  CREATE TABLE "schema_migrations" ("version" varchar(255) NOT NULL) 
  [1m[36m (0.3ms)[0m  [1mPRAGMA index_list("schema_migrations")[0m
  [1m[35m (26.7ms)[0m  CREATE UNIQUE INDEX "unique_schema_migrations" ON "schema_migrations" ("version")
  [1m[36m (0.2ms)[0m  [1mselect sqlite_version(*)[0m
  [1m[35m (0.1ms)[0m  SELECT "schema_migrations"."version" FROM "schema_migrations" 
  [1m[36m (0.4ms)[0m  [1mselect sqlite_version(*)[0m
  [1m[35m (0.1ms)[0m  SELECT "schema_migrations"."version" FROM "schema_migrations" 


Started GET "/assets/rails.png" for 127.0.0.1 at 2013-01-19 17:03:31 +0100
Served asset /rails.png - 304 Not Modified (3ms)


Started GET "/pages" for 127.0.0.1 at 2013-01-19 17:04:07 +0100

ActionController::RoutingError (No route matches [GET] "/pages"):
  

Rendered /usr/local/lib/ruby/gems/1.9.1/gems/actionpack-3.1.0/lib/action_dispatch/middleware/templates/rescues/routing_error.erb within rescues/layout (43.8ms)


Started GET "/pages/contact" for 127.0.0.1 at 2013-01-19 17:04:14 +0100
  Processing by PagesController#contact as HTML
Rendered pages/contact.html.erb within layouts/application (0.3ms)
Compiled application.css  (0ms)  (pid 21501)
Compiled pages.css  (0ms)  (pid 21501)
Completed 500 Internal Server Error in 70ms

ActionView::Template::Error (couldn't find file 'jquery'
  (in /home/saasbook/rails_projects/sample_app/app/assets/javascripts/application.js:7)):
    3: <head>
    4:   <title>SampleApp</title>
    5:   <%= stylesheet_link_tag    "application" %>
    6:   <%= javascript_include_tag "application" %>
    7:   <%= csrf_meta_tags %>
    8: </head>
    9: <body>
  app/views/layouts/application.html.erb:6:in `_app_views_layouts_application_html_erb___420641892__620187648'

Rendered /usr/local/lib/ruby/gems/1.9.1/gems/actionpack-3.1.0/lib/action_dispatch/middleware/templates/rescues/_trace.erb (3.8ms)
Rendered /usr/local/lib/ruby/gems/1.9.1/gems/actionpack-3.1.0/lib/action_dispatch/middleware/templates/rescues/_request_and_response.erb (6.9ms)
Rendered /usr/local/lib/ruby/gems/1.9.1/gems/actionpack-3.1.0/lib/action_dispatch/middleware/templates/rescues/template_error.erb within rescues/layout (27.1ms)


Started GET "/pages/about" for 127.0.0.1 at 2013-01-19 17:04:43 +0100
  Processing by PagesController#about as HTML
Rendered pages/about.html.erb within layouts/application (0.3ms)
Completed 500 Internal Server Error in 11ms

ActionView::Template::Error (couldn't find file 'jquery'
  (in /home/saasbook/rails_projects/sample_app/app/assets/javascripts/application.js:7)):
    3: <head>
    4:   <title>SampleApp</title>
    5:   <%= stylesheet_link_tag    "application" %>
    6:   <%= javascript_include_tag "application" %>
    7:   <%= csrf_meta_tags %>
    8: </head>
    9: <body>
  app/views/layouts/application.html.erb:6:in `_app_views_layouts_application_html_erb___420641892__620187648'

Rendered /usr/local/lib/ruby/gems/1.9.1/gems/actionpack-3.1.0/lib/action_dispatch/middleware/templates/rescues/_trace.erb (1.1ms)
Rendered /usr/local/lib/ruby/gems/1.9.1/gems/actionpack-3.1.0/lib/action_dispatch/middleware/templates/rescues/_request_and_response.erb (0.7ms)
Rendered /usr/local/lib/ruby/gems/1.9.1/gems/actionpack-3.1.0/lib/action_dispatch/middleware/templates/rescues/template_error.erb within rescues/layout (4.3ms)


Started GET "/pages/about" for 127.0.0.1 at 2013-01-19 17:14:50 +0100
  Processing by PagesController#about as HTML
Rendered pages/about.html.erb within layouts/application (0.0ms)
Completed 500 Internal Server Error in 7ms

ActionView::Template::Error (couldn't find file 'jquery'
  (in /home/saasbook/rails_projects/sample_app/app/assets/javascripts/application.js:7)):
    3: <head>
    4:   <title>SampleApp</title>
    5:   <%= stylesheet_link_tag    "application" %>
    6:   <%= javascript_include_tag "application" %>
    7:   <%= csrf_meta_tags %>
    8: </head>
    9: <body>
  app/views/layouts/application.html.erb:6:in `_app_views_layouts_application_html_erb___420641892__620187648'

Rendered /usr/local/lib/ruby/gems/1.9.1/gems/actionpack-3.1.0/lib/action_dispatch/middleware/templates/rescues/_trace.erb (0.7ms)
Rendered /usr/local/lib/ruby/gems/1.9.1/gems/actionpack-3.1.0/lib/action_dispatch/middleware/templates/rescues/_request_and_response.erb (1.1ms)
Rendered /usr/local/lib/ruby/gems/1.9.1/gems/actionpack-3.1.0/lib/action_dispatch/middleware/templates/rescues/template_error.erb within rescues/layout (3.8ms)


Started GET "/pages/about" for 127.0.0.1 at 2013-01-19 17:18:08 +0100
  Processing by PagesController#about as HTML
Rendered pages/about.html.erb within layouts/application (25.6ms)
Compiled application.js  (0ms)  (pid 21730)
Completed 200 OK in 87ms (Views: 86.8ms | ActiveRecord: 0.0ms)


Started GET "/assets/application.css?body=1" for 127.0.0.1 at 2013-01-19 17:18:09 +0100
Served asset /application.css - 200 OK (2ms)


Started GET "/assets/application.js?body=1" for 127.0.0.1 at 2013-01-19 17:18:09 +0100
Served asset /application.js - 200 OK (1ms)


Started GET "/assets/pages.css?body=1" for 127.0.0.1 at 2013-01-19 17:18:09 +0100
Served asset /pages.css - 200 OK (12ms)


Started GET "/pages/contact" for 127.0.0.1 at 2013-01-19 17:18:17 +0100
  Processing by PagesController#contact as HTML
Rendered pages/contact.html.erb within layouts/application (0.3ms)
Completed 200 OK in 16ms (Views: 14.8ms | ActiveRecord: 0.0ms)


Started GET "/assets/application.js?body=1" for 127.0.0.1 at 2013-01-19 17:18:17 +0100
Served asset /application.js - 304 Not Modified (0ms)


Started GET "/pages/home" for 127.0.0.1 at 2013-01-19 17:19:49 +0100
  Processing by PagesController#home as HTML
Rendered pages/home.html.erb within layouts/application (0.3ms)
Completed 200 OK in 8ms (Views: 7.6ms | ActiveRecord: 0.0ms)


Started GET "/assets/application.js?body=1" for 127.0.0.1 at 2013-01-19 17:19:49 +0100
Served asset /application.js - 304 Not Modified (0ms)


Started GET "/pages/home" for 127.0.0.1 at 2013-01-19 17:40:29 +0100
  Processing by PagesController#home as HTML
Rendered pages/home.html.erb (25.7ms)
Completed 200 OK in 68ms (Views: 67.6ms | ActiveRecord: 0.0ms)


Started GET "/pages/contact" for 127.0.0.1 at 2013-01-19 17:40:49 +0100
  Processing by PagesController#contact as HTML
Rendered pages/contact.html.erb (0.2ms)
Completed 200 OK in 5ms (Views: 4.8ms | ActiveRecord: 0.0ms)


Started GET "/pages/contact" for 127.0.0.1 at 2013-01-19 17:55:47 +0100
  Processing by PagesController#contact as HTML
Rendered pages/contact.html.erb (37.4ms)
Completed 200 OK in 64ms (Views: 63.2ms | ActiveRecord: 0.0ms)


Started GET "/pages/home" for 127.0.0.1 at 2013-01-19 17:55:53 +0100
  Processing by PagesController#home as HTML
Rendered pages/home.html.erb (0.6ms)
Completed 200 OK in 5ms (Views: 4.3ms | ActiveRecord: 0.0ms)


Started GET "/pages/home" for 127.0.0.1 at 2013-01-19 18:17:05 +0100

SyntaxError (/home/saasbook/rails_projects/sample_app/app/helpers/application_helper.rb:10: syntax error, unexpected $end, expecting keyword_end):
  app/controllers/application_controller.rb:1:in `<top (required)>'
  app/controllers/pages_controller.rb:1:in `<top (required)>'

Rendered /usr/local/lib/ruby/gems/1.9.1/gems/actionpack-3.1.0/lib/action_dispatch/middleware/templates/rescues/_trace.erb (2.4ms)
Rendered /usr/local/lib/ruby/gems/1.9.1/gems/actionpack-3.1.0/lib/action_dispatch/middleware/templates/rescues/_request_and_response.erb (7.0ms)
Rendered /usr/local/lib/ruby/gems/1.9.1/gems/actionpack-3.1.0/lib/action_dispatch/middleware/templates/rescues/diagnostics.erb within rescues/layout (56.1ms)


Started GET "/pages/home" for 127.0.0.1 at 2013-01-19 18:17:10 +0100

SyntaxError (/home/saasbook/rails_projects/sample_app/app/helpers/application_helper.rb:10: syntax error, unexpected $end, expecting keyword_end):
  app/controllers/application_controller.rb:1:in `<top (required)>'
  app/controllers/pages_controller.rb:1:in `<top (required)>'

Rendered /usr/local/lib/ruby/gems/1.9.1/gems/actionpack-3.1.0/lib/action_dispatch/middleware/templates/rescues/_trace.erb (1.0ms)
Rendered /usr/local/lib/ruby/gems/1.9.1/gems/actionpack-3.1.0/lib/action_dispatch/middleware/templates/rescues/_request_and_response.erb (0.7ms)
Rendered /usr/local/lib/ruby/gems/1.9.1/gems/actionpack-3.1.0/lib/action_dispatch/middleware/templates/rescues/diagnostics.erb within rescues/layout (3.5ms)


Started GET "/pages/home" for 127.0.0.1 at 2013-01-19 18:17:11 +0100

SyntaxError (/home/saasbook/rails_projects/sample_app/app/helpers/application_helper.rb:10: syntax error, unexpected $end, expecting keyword_end):
  app/controllers/application_controller.rb:1:in `<top (required)>'
  app/controllers/pages_controller.rb:1:in `<top (required)>'

Rendered /usr/local/lib/ruby/gems/1.9.1/gems/actionpack-3.1.0/lib/action_dispatch/middleware/templates/rescues/_trace.erb (8.7ms)
Rendered /usr/local/lib/ruby/gems/1.9.1/gems/actionpack-3.1.0/lib/action_dispatch/middleware/templates/rescues/_request_and_response.erb (0.8ms)
Rendered /usr/local/lib/ruby/gems/1.9.1/gems/actionpack-3.1.0/lib/action_dispatch/middleware/templates/rescues/diagnostics.erb within rescues/layout (10.8ms)


Started GET "/pages/home" for 127.0.0.1 at 2013-01-19 18:17:11 +0100

SyntaxError (/home/saasbook/rails_projects/sample_app/app/helpers/application_helper.rb:10: syntax error, unexpected $end, expecting keyword_end):
  app/controllers/application_controller.rb:1:in `<top (required)>'
  app/controllers/pages_controller.rb:1:in `<top (required)>'

Rendered /usr/local/lib/ruby/gems/1.9.1/gems/actionpack-3.1.0/lib/action_dispatch/middleware/templates/rescues/_trace.erb (1.0ms)
Rendered /usr/local/lib/ruby/gems/1.9.1/gems/actionpack-3.1.0/lib/action_dispatch/middleware/templates/rescues/_request_and_response.erb (0.8ms)
Rendered /usr/local/lib/ruby/gems/1.9.1/gems/actionpack-3.1.0/lib/action_dispatch/middleware/templates/rescues/diagnostics.erb within rescues/layout (4.7ms)


Started GET "/pages/home" for 127.0.0.1 at 2013-01-19 18:17:11 +0100

SyntaxError (/home/saasbook/rails_projects/sample_app/app/helpers/application_helper.rb:10: syntax error, unexpected $end, expecting keyword_end):
  app/controllers/application_controller.rb:1:in `<top (required)>'
  app/controllers/pages_controller.rb:1:in `<top (required)>'

Rendered /usr/local/lib/ruby/gems/1.9.1/gems/actionpack-3.1.0/lib/action_dispatch/middleware/templates/rescues/_trace.erb (1.0ms)
Rendered /usr/local/lib/ruby/gems/1.9.1/gems/actionpack-3.1.0/lib/action_dispatch/middleware/templates/rescues/_request_and_response.erb (1.4ms)
Rendered /usr/local/lib/ruby/gems/1.9.1/gems/actionpack-3.1.0/lib/action_dispatch/middleware/templates/rescues/diagnostics.erb within rescues/layout (4.1ms)


Started GET "/pages/home" for 127.0.0.1 at 2013-01-19 18:17:36 +0100

SyntaxError (/home/saasbook/rails_projects/sample_app/app/helpers/application_helper.rb:11: syntax error, unexpected $end, expecting keyword_end):
  app/controllers/application_controller.rb:1:in `<top (required)>'
  app/controllers/pages_controller.rb:1:in `<top (required)>'

Rendered /usr/local/lib/ruby/gems/1.9.1/gems/actionpack-3.1.0/lib/action_dispatch/middleware/templates/rescues/_trace.erb (0.7ms)
Rendered /usr/local/lib/ruby/gems/1.9.1/gems/actionpack-3.1.0/lib/action_dispatch/middleware/templates/rescues/_request_and_response.erb (0.8ms)
Rendered /usr/local/lib/ruby/gems/1.9.1/gems/actionpack-3.1.0/lib/action_dispatch/middleware/templates/rescues/diagnostics.erb within rescues/layout (4.2ms)


Started GET "/pages/home" for 127.0.0.1 at 2013-01-19 18:17:51 +0100

SyntaxError (/home/saasbook/rails_projects/sample_app/app/helpers/application_helper.rb:11: syntax error, unexpected $end, expecting keyword_end):
  app/controllers/application_controller.rb:1:in `<top (required)>'
  app/controllers/pages_controller.rb:1:in `<top (required)>'

Rendered /usr/local/lib/ruby/gems/1.9.1/gems/actionpack-3.1.0/lib/action_dispatch/middleware/templates/rescues/_trace.erb (1.1ms)
Rendered /usr/local/lib/ruby/gems/1.9.1/gems/actionpack-3.1.0/lib/action_dispatch/middleware/templates/rescues/_request_and_response.erb (5.4ms)
Rendered /usr/local/lib/ruby/gems/1.9.1/gems/actionpack-3.1.0/lib/action_dispatch/middleware/templates/rescues/diagnostics.erb within rescues/layout (38.5ms)


Started GET "/pages/home" for 127.0.0.1 at 2013-01-19 18:18:50 +0100
  Processing by PagesController#home as HTML
Rendered pages/home.html.erb within layouts/application (25.9ms)
Completed 200 OK in 57ms (Views: 56.2ms | ActiveRecord: 0.0ms)


Started GET "/pages/home" for 127.0.0.1 at 2013-01-19 18:18:54 +0100
  Processing by PagesController#home as HTML
Rendered pages/home.html.erb within layouts/application (0.1ms)
Completed 200 OK in 4ms (Views: 3.3ms | ActiveRecord: 0.0ms)


Started GET "/pages/contact" for 127.0.0.1 at 2013-01-19 18:18:58 +0100
  Processing by PagesController#contact as HTML
Rendered pages/contact.html.erb within layouts/application (0.3ms)
Completed 200 OK in 3ms (Views: 2.9ms | ActiveRecord: 0.0ms)


Started GET "/pages/contact" for 127.0.0.1 at 2013-01-19 18:26:23 +0100
  Processing by PagesController#contact as HTML
Rendered pages/contact.html.erb within layouts/application (27.4ms)
Completed 200 OK in 66ms (Views: 65.5ms | ActiveRecord: 0.0ms)


Started GET "/assets/blueprint/screen.css" for 127.0.0.1 at 2013-01-19 18:26:24 +0100
Served asset /blueprint/screen.css - 404 Not Found (6ms)

ActionController::RoutingError (No route matches [GET] "/assets/blueprint/screen.css"):
  

Rendered /usr/local/lib/ruby/gems/1.9.1/gems/actionpack-3.1.0/lib/action_dispatch/middleware/templates/rescues/routing_error.erb within rescues/layout (0.6ms)


Started GET "/assets/blueprint/print.css" for 127.0.0.1 at 2013-01-19 18:26:24 +0100
Served asset /blueprint/print.css - 404 Not Found (11ms)

ActionController::RoutingError (No route matches [GET] "/assets/blueprint/print.css"):
  

Rendered /usr/local/lib/ruby/gems/1.9.1/gems/actionpack-3.1.0/lib/action_dispatch/middleware/templates/rescues/routing_error.erb within rescues/layout (0.1ms)


Started GET "/pages/contact" for 127.0.0.1 at 2013-01-22 20:28:59 +0100
  Processing by PagesController#contact as HTML
Rendered pages/contact.html.erb within layouts/application (25.7ms)
Completed 200 OK in 60ms (Views: 59.8ms | ActiveRecord: 0.0ms)


Started GET "/assets/blueprint/screen.css" for 127.0.0.1 at 2013-01-22 20:29:00 +0100
Served asset /blueprint/screen.css - 404 Not Found (7ms)

ActionController::RoutingError (No route matches [GET] "/assets/blueprint/screen.css"):
  

Rendered /usr/local/lib/ruby/gems/1.9.1/gems/actionpack-3.1.0/lib/action_dispatch/middleware/templates/rescues/routing_error.erb within rescues/layout (0.4ms)


Started GET "/assets/blueprint/print.css" for 127.0.0.1 at 2013-01-22 20:29:00 +0100
Served asset /blueprint/print.css - 404 Not Found (3ms)

ActionController::RoutingError (No route matches [GET] "/assets/blueprint/print.css"):
  

Rendered /usr/local/lib/ruby/gems/1.9.1/gems/actionpack-3.1.0/lib/action_dispatch/middleware/templates/rescues/routing_error.erb within rescues/layout (0.2ms)


Started GET "/pages/contact" for 127.0.0.1 at 2013-01-22 20:29:58 +0100
  Processing by PagesController#contact as HTML
Rendered pages/contact.html.erb within layouts/application (0.0ms)
Completed 200 OK in 7ms (Views: 6.9ms | ActiveRecord: 0.0ms)


Started GET "/pages/contact" for 127.0.0.1 at 2013-01-22 20:31:50 +0100
  Processing by PagesController#contact as HTML
Rendered pages/contact.html.erb within layouts/application (0.0ms)
Completed 200 OK in 27ms (Views: 27.2ms | ActiveRecord: 0.0ms)


Started GET "/assets/custom.css" for 127.0.0.1 at 2013-01-22 20:31:50 +0100
Served asset /custom.css - 404 Not Found (1ms)

ActionController::RoutingError (No route matches [GET] "/assets/custom.css"):
  

Rendered /usr/local/lib/ruby/gems/1.9.1/gems/actionpack-3.1.0/lib/action_dispatch/middleware/templates/rescues/routing_error.erb within rescues/layout (0.6ms)


Started GET "/assets/logo.png" for 127.0.0.1 at 2013-01-22 20:31:50 +0100
Served asset /logo.png - 404 Not Found (4ms)

ActionController::RoutingError (No route matches [GET] "/assets/logo.png"):
  

Rendered /usr/local/lib/ruby/gems/1.9.1/gems/actionpack-3.1.0/lib/action_dispatch/middleware/templates/rescues/routing_error.erb within rescues/layout (0.8ms)


Started GET "/pages/contact" for 127.0.0.1 at 2013-01-22 20:32:15 +0100
  Processing by PagesController#contact as HTML
Rendered pages/contact.html.erb within layouts/application (0.0ms)
Completed 200 OK in 10ms (Views: 9.9ms | ActiveRecord: 0.0ms)


Started GET "/assets/custom.css" for 127.0.0.1 at 2013-01-22 20:32:15 +0100
Served asset /custom.css - 404 Not Found (1ms)

ActionController::RoutingError (No route matches [GET] "/assets/custom.css"):
  

Rendered /usr/local/lib/ruby/gems/1.9.1/gems/actionpack-3.1.0/lib/action_dispatch/middleware/templates/rescues/routing_error.erb within rescues/layout (0.8ms)


Started GET "/assets/logo.png" for 127.0.0.1 at 2013-01-22 20:32:15 +0100
Served asset /logo.png - 404 Not Found (1ms)

ActionController::RoutingError (No route matches [GET] "/assets/logo.png"):
  

Rendered /usr/local/lib/ruby/gems/1.9.1/gems/actionpack-3.1.0/lib/action_dispatch/middleware/templates/rescues/routing_error.erb within rescues/layout (0.5ms)


Started GET "/pages/contact" for 127.0.0.1 at 2013-01-22 20:32:17 +0100
  Processing by PagesController#contact as HTML
Rendered pages/contact.html.erb within layouts/application (0.0ms)
Completed 200 OK in 10ms (Views: 10.2ms | ActiveRecord: 0.0ms)


Started GET "/assets/custom.css" for 127.0.0.1 at 2013-01-22 20:32:17 +0100
Served asset /custom.css - 404 Not Found (32ms)

ActionController::RoutingError (No route matches [GET] "/assets/custom.css"):
  

Rendered /usr/local/lib/ruby/gems/1.9.1/gems/actionpack-3.1.0/lib/action_dispatch/middleware/templates/rescues/routing_error.erb within rescues/layout (0.6ms)


Started GET "/assets/logo.png" for 127.0.0.1 at 2013-01-22 20:32:17 +0100
Served asset /logo.png - 404 Not Found (3ms)

ActionController::RoutingError (No route matches [GET] "/assets/logo.png"):
  

Rendered /usr/local/lib/ruby/gems/1.9.1/gems/actionpack-3.1.0/lib/action_dispatch/middleware/templates/rescues/routing_error.erb within rescues/layout (0.5ms)


Started GET "/pages/contact" for 127.0.0.1 at 2013-01-22 20:32:25 +0100
  Processing by PagesController#contact as HTML
Rendered pages/contact.html.erb within layouts/application (0.0ms)
Completed 200 OK in 10ms (Views: 10.0ms | ActiveRecord: 0.0ms)


Started GET "/assets/custom.css" for 127.0.0.1 at 2013-01-22 20:32:26 +0100
Served asset /custom.css - 404 Not Found (15ms)

ActionController::RoutingError (No route matches [GET] "/assets/custom.css"):
  

Rendered /usr/local/lib/ruby/gems/1.9.1/gems/actionpack-3.1.0/lib/action_dispatch/middleware/templates/rescues/routing_error.erb within rescues/layout (0.5ms)


Started GET "/pages/" for 127.0.0.1 at 2013-01-22 20:32:44 +0100

ActionController::RoutingError (No route matches [GET] "/pages"):
  

Rendered /usr/local/lib/ruby/gems/1.9.1/gems/actionpack-3.1.0/lib/action_dispatch/middleware/templates/rescues/routing_error.erb within rescues/layout (1.1ms)


Started GET "/pages/home" for 127.0.0.1 at 2013-01-22 20:32:48 +0100
  Processing by PagesController#home as HTML
Rendered pages/home.html.erb within layouts/application (0.3ms)
Completed 200 OK in 10ms (Views: 10.0ms | ActiveRecord: 0.0ms)


Started GET "/assets/custom.css" for 127.0.0.1 at 2013-01-22 20:32:48 +0100
Served asset /custom.css - 404 Not Found (1ms)

ActionController::RoutingError (No route matches [GET] "/assets/custom.css"):
  

Rendered /usr/local/lib/ruby/gems/1.9.1/gems/actionpack-3.1.0/lib/action_dispatch/middleware/templates/rescues/routing_error.erb within rescues/layout (0.8ms)


Started GET "/pages/home" for 127.0.0.1 at 2013-01-22 20:39:18 +0100
  Processing by PagesController#home as HTML
Rendered pages/home.html.erb within layouts/application (0.5ms)
Completed 200 OK in 13ms (Views: 12.8ms | ActiveRecord: 0.0ms)


Started GET "/assets/custom.css" for 127.0.0.1 at 2013-01-22 20:39:18 +0100
Served asset /custom.css - 404 Not Found (1ms)

ActionController::RoutingError (No route matches [GET] "/assets/custom.css"):
  

Rendered /usr/local/lib/ruby/gems/1.9.1/gems/actionpack-3.1.0/lib/action_dispatch/middleware/templates/rescues/routing_error.erb within rescues/layout (18.4ms)


Started GET "/pages/home" for 127.0.0.1 at 2013-01-22 20:42:54 +0100
  Processing by PagesController#home as HTML
Rendered pages/home.html.erb within layouts/application (0.1ms)
Completed 500 Internal Server Error in 60ms

ActionView::Template::Error (Missing partial layouts/stylesheets with {:handlers=>[:erb, :builder], :formats=>[:html], :locale=>[:en, :en]}. Searched in:
  * "/home/saasbook/rails_projects/sample_app/app/views"
):
    3:   <head>
    4:     <title><%= title %></title>
    5:     <%= csrf_meta_tag %>
    6:     <%= render 'layouts/stylesheets' %>
    7:   </head>
    8:   <body>
    9:     <div class="container">
  app/views/layouts/application.html.erb:6:in `_app_views_layouts_application_html_erb__244360080__623301208'

Rendered /usr/local/lib/ruby/gems/1.9.1/gems/actionpack-3.1.0/lib/action_dispatch/middleware/templates/rescues/_trace.erb (1.6ms)
Rendered /usr/local/lib/ruby/gems/1.9.1/gems/actionpack-3.1.0/lib/action_dispatch/middleware/templates/rescues/_request_and_response.erb (0.8ms)
Rendered /usr/local/lib/ruby/gems/1.9.1/gems/actionpack-3.1.0/lib/action_dispatch/middleware/templates/rescues/template_error.erb within rescues/layout (4.0ms)


Started GET "/pages/home" for 127.0.0.1 at 2013-01-22 20:44:23 +0100
  Processing by PagesController#home as HTML
Rendered pages/home.html.erb within layouts/application (0.1ms)
Rendered layouts/_stylesheets.html.erb (26.9ms)
Completed 500 Internal Server Error in 33ms

ActionView::Template::Error (Missing partial layouts/header with {:handlers=>[:erb, :builder], :formats=>[:html], :locale=>[:en, :en]}. Searched in:
  * "/home/saasbook/rails_projects/sample_app/app/views"
):
    7:   </head>
    8:   <body>
    9:     <div class="container">
    10:       <%= render 'layouts/header' %>
    11:       <section class="round">
    12:         <%= yield %>
    13:       </section>
  app/views/layouts/application.html.erb:10:in `_app_views_layouts_application_html_erb__244360080__623301208'

Rendered /usr/local/lib/ruby/gems/1.9.1/gems/actionpack-3.1.0/lib/action_dispatch/middleware/templates/rescues/_trace.erb (1.1ms)
Rendered /usr/local/lib/ruby/gems/1.9.1/gems/actionpack-3.1.0/lib/action_dispatch/middleware/templates/rescues/_request_and_response.erb (0.8ms)
Rendered /usr/local/lib/ruby/gems/1.9.1/gems/actionpack-3.1.0/lib/action_dispatch/middleware/templates/rescues/template_error.erb within rescues/layout (4.2ms)


Started GET "/pages/home" for 127.0.0.1 at 2013-01-22 20:44:54 +0100
  Processing by PagesController#home as HTML
Rendered pages/home.html.erb within layouts/application (0.1ms)
Rendered layouts/_stylesheets.html.erb (8.3ms)
Rendered layouts/_header.html.erb (0.5ms)
Completed 200 OK in 14ms (Views: 14.0ms | ActiveRecord: 0.0ms)


Started GET "/assets/custom.css" for 127.0.0.1 at 2013-01-22 20:44:54 +0100
Served asset /custom.css - 404 Not Found (1ms)

ActionController::RoutingError (No route matches [GET] "/assets/custom.css"):
  

Rendered /usr/local/lib/ruby/gems/1.9.1/gems/actionpack-3.1.0/lib/action_dispatch/middleware/templates/rescues/routing_error.erb within rescues/layout (0.5ms)


Started GET "/pages/home" for 127.0.0.1 at 2013-01-22 20:46:21 +0100
  Processing by PagesController#home as HTML
Rendered pages/home.html.erb within layouts/application (0.1ms)
Rendered layouts/_stylesheets.html.erb (8.3ms)
Rendered layouts/_header.html.erb (0.2ms)
Rendered layouts/_footer.html.erb (0.3ms)
Completed 200 OK in 15ms (Views: 14.4ms | ActiveRecord: 0.0ms)


Started GET "/assets/custom.css" for 127.0.0.1 at 2013-01-22 20:46:21 +0100
Served asset /custom.css - 404 Not Found (1ms)

ActionController::RoutingError (No route matches [GET] "/assets/custom.css"):
  

Rendered /usr/local/lib/ruby/gems/1.9.1/gems/actionpack-3.1.0/lib/action_dispatch/middleware/templates/rescues/routing_error.erb within rescues/layout (0.5ms)


Started GET "/pages/home" for 127.0.0.1 at 2013-01-22 20:48:03 +0100
  Processing by PagesController#home as HTML
Rendered pages/home.html.erb within layouts/application (0.1ms)
Rendered layouts/_stylesheets.html.erb (9.7ms)
Rendered layouts/_header.html.erb (0.2ms)
Rendered layouts/_footer.html.erb (0.1ms)
Completed 200 OK in 15ms (Views: 14.4ms | ActiveRecord: 0.0ms)


Started GET "/assets/custom.css" for 127.0.0.1 at 2013-01-22 20:48:03 +0100
Served asset /custom.css - 404 Not Found (4ms)

ActionController::RoutingError (No route matches [GET] "/assets/custom.css"):
  

Rendered /usr/local/lib/ruby/gems/1.9.1/gems/actionpack-3.1.0/lib/action_dispatch/middleware/templates/rescues/routing_error.erb within rescues/layout (0.5ms)


Started GET "/pages/home" for 127.0.0.1 at 2013-01-22 20:59:36 +0100
  Processing by PagesController#home as HTML
Rendered pages/home.html.erb within layouts/application (9.2ms)
Rendered layouts/_stylesheets.html.erb (9.0ms)
Rendered layouts/_header.html.erb (0.6ms)
Rendered layouts/_footer.html.erb (0.3ms)
Completed 200 OK in 70ms (Views: 70.0ms | ActiveRecord: 0.0ms)


Started GET "/pages/home" for 127.0.0.1 at 2013-01-22 20:59:39 +0100
  Processing by PagesController#home as HTML
Rendered pages/home.html.erb within layouts/application (0.1ms)
Rendered layouts/_stylesheets.html.erb (10.6ms)
Rendered layouts/_header.html.erb (0.2ms)
Rendered layouts/_footer.html.erb (0.1ms)
Completed 200 OK in 16ms (Views: 16.0ms | ActiveRecord: 0.0ms)


Started GET "/assets/custom.css" for 127.0.0.1 at 2013-01-22 20:59:39 +0100
Served asset /custom.css - 404 Not Found (1ms)

ActionController::RoutingError (No route matches [GET] "/assets/custom.css"):
  

Rendered /usr/local/lib/ruby/gems/1.9.1/gems/actionpack-3.1.0/lib/action_dispatch/middleware/templates/rescues/routing_error.erb within rescues/layout (0.5ms)


Started GET "/pages/help" for 127.0.0.1 at 2013-01-22 20:59:46 +0100
  Processing by PagesController#help as HTML
Rendered pages/help.html.erb within layouts/application (0.3ms)
Rendered layouts/_stylesheets.html.erb (9.7ms)
Rendered layouts/_header.html.erb (0.2ms)
Rendered layouts/_footer.html.erb (0.1ms)
Completed 200 OK in 18ms (Views: 17.9ms | ActiveRecord: 0.0ms)


Started GET "/assets/custom.css" for 127.0.0.1 at 2013-01-22 20:59:46 +0100
Served asset /custom.css - 404 Not Found (1ms)

ActionController::RoutingError (No route matches [GET] "/assets/custom.css"):
  

Rendered /usr/local/lib/ruby/gems/1.9.1/gems/actionpack-3.1.0/lib/action_dispatch/middleware/templates/rescues/routing_error.erb within rescues/layout (0.5ms)


Started GET "/" for 127.0.0.1 at 2013-01-22 21:10:09 +0100
  Processing by PagesController#home as HTML
Rendered pages/home.html.erb within layouts/application (10.3ms)
Rendered layouts/_stylesheets.html.erb (10.8ms)
Rendered layouts/_header.html.erb (0.5ms)
Rendered layouts/_footer.html.erb (0.3ms)
Completed 200 OK in 72ms (Views: 71.4ms | ActiveRecord: 0.0ms)


Started GET "/assets/custom.css" for 127.0.0.1 at 2013-01-22 21:10:10 +0100
Served asset /custom.css - 404 Not Found (1ms)

ActionController::RoutingError (No route matches [GET] "/assets/custom.css"):
  

Rendered /usr/local/lib/ruby/gems/1.9.1/gems/actionpack-3.1.0/lib/action_dispatch/middleware/templates/rescues/routing_error.erb within rescues/layout (0.8ms)


Started GET "/" for 127.0.0.1 at 2013-01-22 21:13:03 +0100
  Processing by PagesController#home as HTML
Rendered pages/home.html.erb within layouts/application (0.1ms)
Rendered layouts/_stylesheets.html.erb (26.0ms)
Rendered layouts/_header.html.erb (1.1ms)
Rendered layouts/_footer.html.erb (0.1ms)
Completed 200 OK in 32ms (Views: 32.0ms | ActiveRecord: 0.0ms)


Started GET "/assets/custom.css" for 127.0.0.1 at 2013-01-22 21:13:03 +0100
Served asset /custom.css - 404 Not Found (2ms)

ActionController::RoutingError (No route matches [GET] "/assets/custom.css"):
  

Rendered /usr/local/lib/ruby/gems/1.9.1/gems/actionpack-3.1.0/lib/action_dispatch/middleware/templates/rescues/routing_error.erb within rescues/layout (0.8ms)


Started GET "/help" for 127.0.0.1 at 2013-01-22 21:13:07 +0100
  Processing by PagesController#help as HTML
Rendered pages/help.html.erb within layouts/application (0.2ms)
Rendered layouts/_stylesheets.html.erb (8.7ms)
Rendered layouts/_header.html.erb (0.8ms)
Rendered layouts/_footer.html.erb (0.1ms)
Completed 200 OK in 14ms (Views: 13.8ms | ActiveRecord: 0.0ms)


Started GET "/assets/custom.css" for 127.0.0.1 at 2013-01-22 21:13:07 +0100
Served asset /custom.css - 404 Not Found (1ms)

ActionController::RoutingError (No route matches [GET] "/assets/custom.css"):
  

Rendered /usr/local/lib/ruby/gems/1.9.1/gems/actionpack-3.1.0/lib/action_dispatch/middleware/templates/rescues/routing_error.erb within rescues/layout (0.6ms)


Started GET "/" for 127.0.0.1 at 2013-01-22 21:13:39 +0100
  Processing by PagesController#home as HTML
Rendered pages/home.html.erb within layouts/application (0.1ms)
Rendered layouts/_stylesheets.html.erb (7.8ms)
Rendered layouts/_header.html.erb (0.9ms)
Rendered layouts/_footer.html.erb (0.7ms)
Completed 200 OK in 15ms (Views: 14.6ms | ActiveRecord: 0.0ms)


Started GET "/assets/custom.css" for 127.0.0.1 at 2013-01-22 21:13:39 +0100
Served asset /custom.css - 404 Not Found (66ms)

ActionController::RoutingError (No route matches [GET] "/assets/custom.css"):
  

Rendered /usr/local/lib/ruby/gems/1.9.1/gems/actionpack-3.1.0/lib/action_dispatch/middleware/templates/rescues/routing_error.erb within rescues/layout (4.4ms)


Started GET "/about" for 127.0.0.1 at 2013-01-22 21:13:45 +0100
  Processing by PagesController#about as HTML
Rendered pages/about.html.erb within layouts/application (0.2ms)
Rendered layouts/_stylesheets.html.erb (8.0ms)
Rendered layouts/_header.html.erb (0.7ms)
Rendered layouts/_footer.html.erb (0.4ms)
Completed 200 OK in 15ms (Views: 14.4ms | ActiveRecord: 0.0ms)


Started GET "/assets/custom.css" for 127.0.0.1 at 2013-01-22 21:13:45 +0100
Served asset /custom.css - 404 Not Found (1ms)

ActionController::RoutingError (No route matches [GET] "/assets/custom.css"):
  

Rendered /usr/local/lib/ruby/gems/1.9.1/gems/actionpack-3.1.0/lib/action_dispatch/middleware/templates/rescues/routing_error.erb within rescues/layout (0.6ms)


Started GET "/contact" for 127.0.0.1 at 2013-01-22 21:13:47 +0100
  Processing by PagesController#contact as HTML
Rendered pages/contact.html.erb within layouts/application (0.3ms)
Rendered layouts/_stylesheets.html.erb (8.9ms)
Rendered layouts/_header.html.erb (1.3ms)
Rendered layouts/_footer.html.erb (0.4ms)
Completed 200 OK in 16ms (Views: 15.5ms | ActiveRecord: 0.0ms)


Started GET "/assets/custom.css" for 127.0.0.1 at 2013-01-22 21:13:47 +0100
Served asset /custom.css - 404 Not Found (1ms)

ActionController::RoutingError (No route matches [GET] "/assets/custom.css"):
  

Rendered /usr/local/lib/ruby/gems/1.9.1/gems/actionpack-3.1.0/lib/action_dispatch/middleware/templates/rescues/routing_error.erb within rescues/layout (0.4ms)


Started GET "/contact" for 127.0.0.1 at 2013-01-22 21:15:40 +0100
  Processing by PagesController#contact as HTML
Rendered pages/contact.html.erb within layouts/application (0.0ms)
Rendered layouts/_stylesheets.html.erb (28.6ms)
Rendered layouts/_header.html.erb (1.4ms)
Rendered layouts/_footer.html.erb (0.5ms)
Completed 200 OK in 35ms (Views: 34.5ms | ActiveRecord: 0.0ms)


Started GET "/assets/custom.css" for 127.0.0.1 at 2013-01-22 21:15:40 +0100
Served asset /custom.css - 404 Not Found (1ms)

ActionController::RoutingError (No route matches [GET] "/assets/custom.css"):
  

Rendered /usr/local/lib/ruby/gems/1.9.1/gems/actionpack-3.1.0/lib/action_dispatch/middleware/templates/rescues/routing_error.erb within rescues/layout (5.0ms)


Started GET "/contact" for 127.0.0.1 at 2013-01-22 21:32:40 +0100
  Processing by PagesController#contact as HTML
Rendered pages/contact.html.erb within layouts/application (11.4ms)
Rendered layouts/_stylesheets.html.erb (10.5ms)
Rendered layouts/_header.html.erb (3.1ms)
Rendered layouts/_footer.html.erb (0.7ms)
Completed 200 OK in 93ms (Views: 93.0ms | ActiveRecord: 0.0ms)


Started GET "/assets/custom.css" for 127.0.0.1 at 2013-01-22 21:32:41 +0100
Served asset /custom.css - 404 Not Found (8ms)

ActionController::RoutingError (No route matches [GET] "/assets/custom.css"):
  

Rendered /usr/local/lib/ruby/gems/1.9.1/gems/actionpack-3.1.0/lib/action_dispatch/middleware/templates/rescues/routing_error.erb within rescues/layout (0.6ms)


Started GET "/signup" for 127.0.0.1 at 2013-01-22 21:32:43 +0100
  Processing by UsersController#new as HTML
Rendered users/new.html.erb within layouts/application (0.3ms)
Rendered layouts/_stylesheets.html.erb (8.3ms)
Rendered layouts/_header.html.erb (1.2ms)
Rendered layouts/_footer.html.erb (0.5ms)
Completed 200 OK in 15ms (Views: 14.6ms | ActiveRecord: 0.0ms)


Started GET "/assets/custom.css" for 127.0.0.1 at 2013-01-22 21:32:43 +0100
Served asset /custom.css - 404 Not Found (2ms)

ActionController::RoutingError (No route matches [GET] "/assets/custom.css"):
  

Rendered /usr/local/lib/ruby/gems/1.9.1/gems/actionpack-3.1.0/lib/action_dispatch/middleware/templates/rescues/routing_error.erb within rescues/layout (0.5ms)
